11:42:25.783 [main] INFO  testCases.TC_001_Student_Travel_Insurance - Select Student Plan...
11:43:41.169 [main] INFO  testCases.TC_001_Student_Travel_Insurance - Chrome browser opened successfully
11:44:08.353 [main] INFO  testCases.TC_001_Student_Travel_Insurance - **** starting TC_001_TravelDetails  *****
11:44:08.453 [main] INFO  testCases.TC_001_Student_Travel_Insurance - Opening of Travel Insurance Page 
11:44:20.063 [main] INFO  testCases.TC_001_Student_Travel_Insurance - Entering customer details.. 
11:44:21.273 [main] INFO  testCases.TC_001_Student_Travel_Insurance - clicked on continue..
11:45:16.001 [main] INFO  testCases.TC_001_Student_Travel_Insurance - Select Student...
11:45:28.041 [main] INFO  testCases.TC_001_Student_Travel_Insurance - Select Student Plan...
11:46:32.128 [main] INFO  testCases.TC_001_Student_Travel_Insurance - Chrome browser opened successfully
11:46:37.103 [main] INFO  testCases.TC_001_Student_Travel_Insurance - **** starting TC_001_TravelDetails  *****
11:46:37.214 [main] INFO  testCases.TC_001_Student_Travel_Insurance - Opening of Travel Insurance Page 
11:46:41.497 [main] INFO  testCases.TC_001_Student_Travel_Insurance - Entering customer details.. 
11:46:43.003 [main] INFO  testCases.TC_001_Student_Travel_Insurance - clicked on continue..
11:47:12.505 [main] INFO  testCases.TC_001_Student_Travel_Insurance - Select Student...
11:47:31.103 [main] INFO  testCases.TC_001_Student_Travel_Insurance - Select Student Plan...
11:47:39.580 [main] INFO  testCases.TC_001_Student_Travel_Insurance - **** finished TC_001_TravelDetails  *****
11:48:49.839 [main] INFO  testCases.TC_001_Student_Travel_Insurance - Chrome browser opened successfully
11:49:21.042 [main] INFO  testCases.TC_001_Student_Travel_Insurance - **** starting TC_001_TravelDetails  *****
11:49:21.128 [main] INFO  testCases.TC_001_Student_Travel_Insurance - Opening of Travel Insurance Page 
11:49:27.639 [main] INFO  testCases.TC_001_Student_Travel_Insurance - Entering customer details.. 
11:49:28.779 [main] INFO  testCases.TC_001_Student_Travel_Insurance - clicked on continue..
11:50:24.373 [main] INFO  testCases.TC_001_Student_Travel_Insurance - Select Student...
11:50:42.270 [main] INFO  testCases.TC_001_Student_Travel_Insurance - Select Student Plan...
11:51:49.759 [main] INFO  testCases.TC_001_Student_Travel_Insurance - Chrome browser opened successfully
11:52:20.610 [main] INFO  testCases.TC_001_Student_Travel_Insurance - **** starting TC_001_TravelDetails  *****
11:52:20.689 [main] INFO  testCases.TC_001_Student_Travel_Insurance - Opening of Travel Insurance Page 
11:53:27.998 [main] INFO  testCases.TC_001_Student_Travel_Insurance - Chrome browser opened successfully
11:53:44.185 [main] INFO  testCases.TC_001_Student_Travel_Insurance - **** starting TC_001_TravelDetails  *****
11:53:44.261 [main] INFO  testCases.TC_001_Student_Travel_Insurance - Opening of Travel Insurance Page 
11:54:34.696 [main] INFO  testCases.TC_001_Student_Travel_Insurance - Entering customer details.. 
11:54:35.653 [main] INFO  testCases.TC_001_Student_Travel_Insurance - clicked on continue..
11:54:39.458 [main] INFO  testCases.TC_001_Student_Travel_Insurance - Select Student...
11:54:52.337 [main] INFO  testCases.TC_001_Student_Travel_Insurance - Select Student Plan...
11:57:08.746 [main] INFO  testCases.TC_001_Student_Travel_Insurance - Chrome browser opened successfully
11:57:28.110 [main] INFO  testCases.TC_001_Student_Travel_Insurance - **** starting TC_001_TravelDetails  *****
11:57:28.367 [main] INFO  testCases.TC_001_Student_Travel_Insurance - Opening of Travel Insurance Page 
11:57:42.328 [main] INFO  testCases.TC_001_Student_Travel_Insurance - Entering customer details.. 
11:57:44.001 [main] INFO  testCases.TC_001_Student_Travel_Insurance - clicked on continue..
11:57:50.326 [main] INFO  testCases.TC_001_Student_Travel_Insurance - Select Student...
11:58:11.930 [main] INFO  testCases.TC_001_Student_Travel_Insurance - Select Student Plan...
13:36:26.365 [main] INFO  testCases.TC_001_Student_Travel_Insurance - Chrome browser opened successfully
13:36:32.935 [main] INFO  testCases.TC_001_Student_Travel_Insurance - **** starting TC_001_TravelDetails  *****
13:36:33.312 [main] INFO  testCases.TC_001_Student_Travel_Insurance - Opening of Travel Insurance Page 
13:36:38.624 [main] INFO  testCases.TC_001_Student_Travel_Insurance - Entering customer details.. 
13:36:40.202 [main] INFO  testCases.TC_001_Student_Travel_Insurance - clicked on continue..
13:37:09.627 [main] INFO  testCases.TC_001_Student_Travel_Insurance - Select Student...
13:37:20.189 [main] INFO  testCases.TC_001_Student_Travel_Insurance - Select Student Plan...
13:37:27.299 [main] INFO  testCases.TC_001_Student_Travel_Insurance - **** finished TC_001_TravelDetails  *****
13:38:13.856 [main] INFO  testCases.TC_001_Student_Travel_Insurance - Chrome browser opened successfully
13:38:20.461 [main] INFO  testCases.TC_001_Student_Travel_Insurance - **** starting TC_001_TravelDetails  *****
