11:03:20.115 [main] INFO  testCases.TC_002_Car_Insurance - Entering correct email.. 
11:03:55.853 [main] INFO  testCases.TC_002_Car_Insurance - Getting Car quote.. 
11:03:55.854 [main] INFO  testCases.TC_002_Car_Insurance - **** finished TC_002_Car_Insurance  *****
11:04:06.464 [main] INFO  testCases.TC_003_Health_Insurance - Chrome browser opened successfully
11:04:12.711 [main] INFO  testCases.TC_003_Health_Insurance - **** starting TC_003_Health_Insurance  *****
11:04:14.693 [main] INFO  testCases.TC_003_Health_Insurance - Open of Health Insurance Page 
11:04:34.986 [main] INFO  testCases.TC_003_Health_Insurance - Selecting Customer deatils.. 
11:04:42.933 [main] INFO  testCases.TC_003_Health_Insurance - Entering Customer personel deatils.. 
11:05:05.705 [main] INFO  testCases.TC_003_Health_Insurance - Health Insurance plan.. 
11:06:12.649 [main] INFO  testCases.TC_003_Health_Insurance - **** finished TC_003_Health_Insurance  *****
11:13:43.826 [main] INFO  testCases.TC_001_Student_Travel_Insurance - Chrome browser opened successfully
11:14:14.149 [main] INFO  testCases.TC_001_Student_Travel_Insurance - **** starting TC_001_TravelDetails  *****
11:14:14.301 [main] INFO  testCases.TC_001_Student_Travel_Insurance - Opening of Travel Insurance Page 
11:14:20.379 [main] INFO  testCases.TC_001_Student_Travel_Insurance - Entering customer details.. 
11:14:22.383 [main] INFO  testCases.TC_001_Student_Travel_Insurance - clicked on continue..
11:15:17.444 [main] INFO  testCases.TC_001_Student_Travel_Insurance - Select Student...
11:15:31.528 [main] INFO  testCases.TC_001_Student_Travel_Insurance - Select Student Plan...
11:15:37.976 [main] INFO  testCases.TC_001_Student_Travel_Insurance - **** finished TC_001_TravelDetails  *****
11:15:54.804 [main] INFO  testCases.TC_002_Car_Insurance - Chrome browser opened successfully
11:16:26.403 [main] INFO  testCases.TC_002_Car_Insurance - **** starting TC_002_Car_Insurance  *****
11:16:29.443 [main] INFO  testCases.TC_002_Car_Insurance - Buying new car.. 
11:16:39.697 [main] INFO  testCases.TC_002_Car_Insurance - Search RTO.. 
11:16:42.839 [main] INFO  testCases.TC_002_Car_Insurance - Selecting city.. 
11:16:44.586 [main] INFO  testCases.TC_002_Car_Insurance - Selecting car details.. 
11:16:48.846 [main] INFO  testCases.TC_002_Car_Insurance - Entering customer details.. 
11:16:53.582 [main] INFO  testCases.TC_002_Car_Insurance - Capturing Error msg.. 
11:17:18.368 [main] INFO  testCases.TC_002_Car_Insurance - Entering correct email.. 
11:18:40.113 [main] INFO  testCases.TC_002_Car_Insurance - Getting Car quote.. 
11:18:40.114 [main] INFO  testCases.TC_002_Car_Insurance - **** finished TC_002_Car_Insurance  *****
11:18:57.486 [main] INFO  testCases.TC_003_Health_Insurance - Chrome browser opened successfully
11:19:05.348 [main] INFO  testCases.TC_003_Health_Insurance - **** starting TC_003_Health_Insurance  *****
11:19:07.008 [main] INFO  testCases.TC_003_Health_Insurance - Open of Health Insurance Page 
11:19:16.375 [main] INFO  testCases.TC_003_Health_Insurance - Selecting Customer deatils.. 
11:19:24.329 [main] INFO  testCases.TC_003_Health_Insurance - Entering Customer personel deatils.. 
11:19:43.433 [main] INFO  testCases.TC_003_Health_Insurance - Health Insurance plan.. 
11:20:49.544 [main] INFO  testCases.TC_003_Health_Insurance - **** finished TC_003_Health_Insurance  *****
12:01:58.347 [main] INFO  testCases.TC_001_Student_Travel_Insurance - Chrome browser opened successfully
12:02:08.313 [main] INFO  testCases.TC_001_Student_Travel_Insurance - **** starting TC_001_TravelDetails  *****
12:02:08.461 [main] INFO  testCases.TC_001_Student_Travel_Insurance - Opening of Travel Insurance Page 
12:02:17.918 [main] INFO  testCases.TC_001_Student_Travel_Insurance - Entering customer details.. 
12:02:20.325 [main] INFO  testCases.TC_001_Student_Travel_Insurance - clicked on continue..
12:03:45.163 [main] INFO  testCases.TC_001_Student_Travel_Insurance - Select Student...
12:04:13.582 [main] INFO  testCases.TC_001_Student_Travel_Insurance - Select Student Plan...
12:04:20.556 [main] INFO  testCases.TC_001_Student_Travel_Insurance - **** finished TC_001_TravelDetails  *****
12:04:33.420 [main] INFO  testCases.TC_002_Car_Insurance - Chrome browser opened successfully
12:04:40.387 [main] INFO  testCases.TC_002_Car_Insurance - **** starting TC_002_Car_Insurance  *****
12:04:41.577 [main] INFO  testCases.TC_002_Car_Insurance - Buying new car.. 
12:04:48.280 [main] INFO  testCases.TC_002_Car_Insurance - Search RTO.. 
12:04:49.708 [main] INFO  testCases.TC_002_Car_Insurance - Selecting city.. 
12:04:50.131 [main] INFO  testCases.TC_002_Car_Insurance - Selecting car details.. 
12:04:53.214 [main] INFO  testCases.TC_002_Car_Insurance - Entering customer details.. 
12:04:54.930 [main] INFO  testCases.TC_002_Car_Insurance - Capturing Error msg.. 
12:04:55.364 [main] INFO  testCases.TC_002_Car_Insurance - Entering correct email.. 
12:05:31.199 [main] INFO  testCases.TC_002_Car_Insurance - Getting Car quote.. 
