13:38:20.581 [main] INFO  testCases.TC_001_Student_Travel_Insurance - Opening of Travel Insurance Page 
13:38:25.955 [main] INFO  testCases.TC_001_Student_Travel_Insurance - Entering customer details.. 
13:38:27.809 [main] INFO  testCases.TC_001_Student_Travel_Insurance - clicked on continue..
13:38:32.302 [main] INFO  testCases.TC_001_Student_Travel_Insurance - Select Student...
13:38:44.761 [main] INFO  testCases.TC_001_Student_Travel_Insurance - Select Student Plan...
13:38:53.587 [main] INFO  testCases.TC_001_Student_Travel_Insurance - **** finished TC_001_TravelDetails  *****
13:39:26.478 [main] INFO  testCases.TC_001_Student_Travel_Insurance - Chrome browser opened successfully
13:39:55.918 [main] INFO  testCases.TC_001_Student_Travel_Insurance - **** starting TC_001_TravelDetails  *****
13:39:56.211 [main] INFO  testCases.TC_001_Student_Travel_Insurance - Opening of Travel Insurance Page 
13:40:01.271 [main] INFO  testCases.TC_001_Student_Travel_Insurance - Entering customer details.. 
13:40:03.313 [main] INFO  testCases.TC_001_Student_Travel_Insurance - clicked on continue..
13:40:07.828 [main] INFO  testCases.TC_001_Student_Travel_Insurance - Select Student...
13:40:20.457 [main] INFO  testCases.TC_001_Student_Travel_Insurance - Select Student Plan...
13:41:32.351 [main] INFO  testCases.TC_001_Student_Travel_Insurance - Chrome browser opened successfully
13:41:39.293 [main] INFO  testCases.TC_001_Student_Travel_Insurance - **** starting TC_001_TravelDetails  *****
13:41:39.539 [main] INFO  testCases.TC_001_Student_Travel_Insurance - Opening of Travel Insurance Page 
13:41:46.997 [main] INFO  testCases.TC_001_Student_Travel_Insurance - Entering customer details.. 
13:41:49.950 [main] INFO  testCases.TC_001_Student_Travel_Insurance - clicked on continue..
13:42:20.843 [main] INFO  testCases.TC_001_Student_Travel_Insurance - Select Student...
13:42:37.547 [main] INFO  testCases.TC_001_Student_Travel_Insurance - Select Student Plan...
13:42:47.480 [main] INFO  testCases.TC_001_Student_Travel_Insurance - **** finished TC_001_TravelDetails  *****
13:45:42.600 [main] INFO  testCases.TC_001_Student_Travel_Insurance - Chrome browser opened successfully
13:45:58.321 [main] INFO  testCases.TC_001_Student_Travel_Insurance - **** starting TC_001_TravelDetails  *****
13:45:58.387 [main] INFO  testCases.TC_001_Student_Travel_Insurance - Opening of Travel Insurance Page 
14:21:52.556 [main] INFO  testCases.TC_001_Student_Travel_Insurance - Chrome browser opened successfully
14:22:01.681 [main] INFO  testCases.TC_001_Student_Travel_Insurance - **** starting TC_001_TravelDetails  *****
14:22:01.828 [main] INFO  testCases.TC_001_Student_Travel_Insurance - Opening of Travel Insurance Page 
14:23:52.976 [main] INFO  testCases.TC_001_Student_Travel_Insurance - Chrome browser opened successfully
14:24:12.740 [main] INFO  testCases.TC_001_Student_Travel_Insurance - **** starting TC_001_TravelDetails  *****
14:24:12.814 [main] INFO  testCases.TC_001_Student_Travel_Insurance - Opening of Travel Insurance Page 
14:29:41.176 [main] INFO  testCases.TC_001_Student_Travel_Insurance - Chrome browser opened successfully
14:29:41.967 [main] INFO  testCases.TC_001_Student_Travel_Insurance - **** starting TC_001_TravelDetails  *****
14:29:42.097 [main] INFO  testCases.TC_001_Student_Travel_Insurance - Opening of Travel Insurance Page 
14:30:49.237 [main] INFO  testCases.TC_001_Student_Travel_Insurance - Entering customer details.. 
14:30:50.756 [main] INFO  testCases.TC_001_Student_Travel_Insurance - clicked on continue..
14:30:55.557 [main] INFO  testCases.TC_001_Student_Travel_Insurance - Select Student...
14:31:13.627 [main] INFO  testCases.TC_001_Student_Travel_Insurance - Select Student Plan...
14:35:26.081 [main] INFO  testCases.TC_001_Student_Travel_Insurance - Chrome browser opened successfully
14:36:00.527 [main] INFO  testCases.TC_001_Student_Travel_Insurance - **** starting TC_001_TravelDetails  *****
14:36:00.723 [main] INFO  testCases.TC_001_Student_Travel_Insurance - Opening of Travel Insurance Page 
14:37:36.359 [main] INFO  testCases.TC_001_Student_Travel_Insurance - Chrome browser opened successfully
14:38:08.381 [main] INFO  testCases.TC_001_Student_Travel_Insurance - **** starting TC_001_TravelDetails  *****
14:38:08.489 [main] INFO  testCases.TC_001_Student_Travel_Insurance - Opening of Travel Insurance Page 
14:38:46.661 [main] INFO  testCases.TC_001_Student_Travel_Insurance - Entering customer details.. 
14:38:48.078 [main] INFO  testCases.TC_001_Student_Travel_Insurance - clicked on continue..
14:38:52.354 [main] INFO  testCases.TC_001_Student_Travel_Insurance - Select Student...
15:39:48.768 [main] INFO  testCases.TC_001_Student_Travel_Insurance - Chrome browser opened successfully
15:39:50.130 [main] INFO  testCases.TC_001_Student_Travel_Insurance - **** starting TC_001_TravelDetails  *****
15:39:50.296 [main] INFO  testCases.TC_001_Student_Travel_Insurance - Opening of Travel Insurance Page 
