17:44:11.825 [main] INFO  testCases.TC_002_Car_Insurance - Selecting city.. 
17:44:12.358 [main] INFO  testCases.TC_002_Car_Insurance - Selecting car details.. 
17:44:15.733 [main] INFO  testCases.TC_002_Car_Insurance - Entering customer details.. 
17:44:17.659 [main] INFO  testCases.TC_002_Car_Insurance - Capturing Error msg.. 
17:44:17.771 [main] INFO  testCases.TC_002_Car_Insurance - **** finished TC_002_Car_Insurance  *****
17:44:33.533 [main] INFO  testCases.TC_003_Health_Insurance - Chrome browser opened successfully
17:44:39.367 [main] INFO  testCases.TC_003_Health_Insurance - **** starting TC_003_Health_Insurance  *****
17:44:40.484 [main] INFO  testCases.TC_003_Health_Insurance - Open of Health Insurance Page 
17:44:47.987 [main] INFO  testCases.TC_003_Health_Insurance - Selecting Customer deatils.. 
17:44:58.842 [main] INFO  testCases.TC_003_Health_Insurance - Entering Customer personel deatils.. 
17:45:17.478 [main] INFO  testCases.TC_003_Health_Insurance - Health Insurance plan.. 
17:46:28.918 [main] INFO  testCases.TC_003_Health_Insurance - **** finished TC_003_Health_Insurance  *****
22:51:24.883 [main] INFO  testCases.TC_001_Student_Travel_Insurance - Chrome browser opened successfully
22:51:32.280 [main] INFO  testCases.TC_001_Student_Travel_Insurance - **** starting TC_001_TravelDetails  *****
22:51:32.372 [main] INFO  testCases.TC_001_Student_Travel_Insurance - Opening of Travel Insurance Page 
22:51:38.409 [main] INFO  testCases.TC_001_Student_Travel_Insurance - Entering customer details.. 
22:51:39.506 [main] INFO  testCases.TC_001_Student_Travel_Insurance - clicked on continue..
22:51:43.558 [main] INFO  testCases.TC_001_Student_Travel_Insurance - Select Student...
22:51:54.795 [main] INFO  testCases.TC_001_Student_Travel_Insurance - Select Student Plan...
22:52:01.394 [main] INFO  testCases.TC_001_Student_Travel_Insurance - **** finished TC_001_TravelDetails  *****
22:52:05.188 [main] INFO  testCases.TC_002_Car_Insurance - Chrome browser opened successfully
22:52:10.465 [main] INFO  testCases.TC_002_Car_Insurance - **** starting TC_002_Car_Insurance  *****
22:52:11.681 [main] INFO  testCases.TC_002_Car_Insurance - Buying new car.. 
22:52:36.834 [main] INFO  testCases.TC_002_Car_Insurance - Search RTO.. 
22:53:02.004 [main] INFO  testCases.TC_002_Car_Insurance - Selecting city.. 
22:53:27.416 [main] INFO  testCases.TC_002_Car_Insurance - Selecting car details.. 
22:53:30.533 [main] INFO  testCases.TC_002_Car_Insurance - Entering customer details.. 
22:54:46.637 [main] INFO  testCases.TC_002_Car_Insurance - Capturing Error msg.. 
22:55:11.712 [main] INFO  testCases.TC_002_Car_Insurance - **** finished TC_002_Car_Insurance  *****
22:55:15.451 [main] INFO  testCases.TC_003_Health_Insurance - Chrome browser opened successfully
22:55:21.824 [main] INFO  testCases.TC_003_Health_Insurance - **** starting TC_003_Health_Insurance  *****
22:55:23.492 [main] INFO  testCases.TC_003_Health_Insurance - Open of Health Insurance Page 
22:55:29.038 [main] INFO  testCases.TC_003_Health_Insurance - Selecting Customer deatils.. 
22:55:34.947 [main] INFO  testCases.TC_003_Health_Insurance - Entering Customer personel deatils.. 
22:55:52.095 [main] INFO  testCases.TC_003_Health_Insurance - Health Insurance plan.. 
22:56:21.801 [main] INFO  testCases.TC_003_Health_Insurance - **** finished TC_003_Health_Insurance  *****
22:57:15.497 [main] INFO  testCases.TC_001_Student_Travel_Insurance - Chrome browser opened successfully
22:57:19.897 [main] INFO  testCases.TC_001_Student_Travel_Insurance - **** starting TC_001_TravelDetails  *****
22:57:19.968 [main] INFO  testCases.TC_001_Student_Travel_Insurance - Opening of Travel Insurance Page 
22:57:25.655 [main] INFO  testCases.TC_001_Student_Travel_Insurance - Entering customer details.. 
22:57:27.229 [main] INFO  testCases.TC_001_Student_Travel_Insurance - clicked on continue..
22:57:30.510 [main] INFO  testCases.TC_001_Student_Travel_Insurance - Select Student...
22:57:41.625 [main] INFO  testCases.TC_001_Student_Travel_Insurance - Select Student Plan...
22:57:47.428 [main] INFO  testCases.TC_001_Student_Travel_Insurance - **** finished TC_001_TravelDetails  *****
22:57:50.609 [main] INFO  testCases.TC_002_Car_Insurance - Chrome browser opened successfully
22:57:54.218 [main] INFO  testCases.TC_002_Car_Insurance - **** starting TC_002_Car_Insurance  *****
22:57:55.432 [main] INFO  testCases.TC_002_Car_Insurance - Buying new car.. 
22:58:00.360 [main] INFO  testCases.TC_002_Car_Insurance - Search RTO.. 
22:58:01.310 [main] INFO  testCases.TC_002_Car_Insurance - Selecting city.. 
22:58:01.527 [main] INFO  testCases.TC_002_Car_Insurance - Selecting car details.. 
22:58:03.999 [main] INFO  testCases.TC_002_Car_Insurance - Entering customer details.. 
22:58:05.094 [main] INFO  testCases.TC_002_Car_Insurance - Capturing Error msg.. 
22:58:05.214 [main] INFO  testCases.TC_002_Car_Insurance - **** finished TC_002_Car_Insurance  *****
